<?xml version="1.0" encoding="UTF-8"?>
<!-- Generated by org.testng.reporters.JUnitXMLReporter -->
<testsuite hostname="A4G143-PC" ignored="2" name="Command line test" tests="4" failures="0" timestamp="2019-10-16T23:28:41 IST" time="0.106" errors="0">
  <testcase name="test1a" time="0.011" classname="ui.Test1"/>
  <testcase name="test1b" time="0.001" classname="ui.Test1"/>
  <testcase name="test2a" time="0.0" classname="ui.Test2"/>
  <testcase name="test2b" time="0.001" classname="ui.Test2"/>
  <testcase name="test1c" time="0.0" classname="ui.Test1">
    <ignored/>
  </testcase> <!-- test1c -->
  <testcase name="test2c" time="0.0" classname="ui.Test2">
    <ignored/>
  </testcase> <!-- test2c -->
</testsuite> <!-- Command line test -->
